<?xml version="1.0" encoding="UTF-8"?>
<!-- Generated by org.testng.reporters.JUnitReportReporter -->
<testsuite skipped="0" hostname="DESKTOP-6IP7VMK" name="various_Concepts.LoginTest_TestNG" tests="3" failures="0" timestamp="2021-04-01T02:06:17 EDT" time="36.093" errors="0">
  <testcase name="loginTest" time="8.299" classname="various_Concepts.LoginTest_TestNG"/>
  <system-out/>
  <testcase name="dashboardPage" time="13.426" classname="various_Concepts.LoginTest_TestNG"/>
  <system-out/>
  <testcase name="addCustomer" time="14.368" classname="various_Concepts.LoginTest_TestNG"/>
  <system-out/>
</testsuite> <!-- various_Concepts.LoginTest_TestNG -->
