<?xml version="1.0" encoding="UTF-8"?>
<!-- Generated by org.testng.reporters.JUnitReportReporter -->
<testsuite skipped="0" hostname="DESKTOP-6IP7VMK" name="various_Concepts.LoginTest_TestNG" tests="3" failures="0" timestamp="2021-03-31T18:30:51 EDT" time="30.879" errors="0">
  <testcase name="loginTest" time="9.279" classname="various_Concepts.LoginTest_TestNG"/>
  <system-out/>
  <testcase name="dashboardPage" time="9.963" classname="various_Concepts.LoginTest_TestNG"/>
  <system-out/>
  <testcase name="addCustomer" time="11.637" classname="various_Concepts.LoginTest_TestNG"/>
  <system-out/>
</testsuite> <!-- various_Concepts.LoginTest_TestNG -->
